  Validating architecture
  Validating sources
  Copying sources remotely
  Starting remote build
  Compiling sources:
  main.cpp
C:\Users\Vishnu_2\Documents\Visual Studio 2015\Projects\ProjectGrocery\load_into_database\main.cpp(69,14): warning : conversion to ‘int’ from ‘__gnu_cxx::__promote_2<int, int, double, double>::__type {aka double}’ may alter its value [-Wconversion]
C:\Users\Vishnu_2\Documents\Visual Studio 2015\Projects\ProjectGrocery\load_into_database\main.cpp(70,14): warning : conversion to ‘int’ from ‘__gnu_cxx::__promote_2<int, int, double, double>::__type {aka double}’ may alter its value [-Wconversion]
C:\Users\Vishnu_2\Documents\Visual Studio 2015\Projects\ProjectGrocery\load_into_database\main.cpp(157,30): warning : conversion to ‘int’ from ‘std::basic_string<char>::size_type {aka long unsigned int}’ may alter its value [-Wconversion]
C:\Users\Vishnu_2\Documents\Visual Studio 2015\Projects\ProjectGrocery\load_into_database\main.cpp(198,45): warning : conversion to ‘int’ from ‘std::basic_string<char>::size_type {aka long unsigned int}’ may alter its value [-Wconversion]
C:\Users\Vishnu_2\Documents\Visual Studio 2015\Projects\ProjectGrocery\load_into_database\main.cpp(202,41): warning : conversion to ‘int’ from ‘std::basic_string<char>::size_type {aka long unsigned int}’ may alter its value [-Wconversion]
C:\Users\Vishnu_2\Documents\Visual Studio 2015\Projects\ProjectGrocery\load_into_database\main.cpp(206,41): warning : conversion to ‘int’ from ‘std::basic_string<char>::size_type {aka long unsigned int}’ may alter its value [-Wconversion]
C:\Users\Vishnu_2\Documents\Visual Studio 2015\Projects\ProjectGrocery\load_into_database\main.cpp(208,41): warning : conversion to ‘int’ from ‘std::basic_string<char>::size_type {aka long unsigned int}’ may alter its value [-Wconversion]
C:\Users\Vishnu_2\Documents\Visual Studio 2015\Projects\ProjectGrocery\load_into_database\main.cpp(212,41): warning : conversion to ‘int’ from ‘std::basic_string<char>::size_type {aka long unsigned int}’ may alter its value [-Wconversion]
C:\Users\Vishnu_2\Documents\Visual Studio 2015\Projects\ProjectGrocery\load_into_database\main.cpp(274,19): warning : conversion to ‘int’ from ‘std::size_t {aka long unsigned int}’ may alter its value [-Wconversion]
C:\Users\Vishnu_2\Documents\Visual Studio 2015\Projects\ProjectGrocery\load_into_database\main.cpp(328,32): warning : conversion to ‘int’ from ‘std::basic_string<char>::size_type {aka long unsigned int}’ may alter its value [-Wconversion]
C:\Users\Vishnu_2\Documents\Visual Studio 2015\Projects\ProjectGrocery\load_into_database\main.cpp(330,26): warning : comparison between signed and unsigned integer expressions [-Wsign-compare]
C:\Users\Vishnu_2\Documents\Visual Studio 2015\Projects\ProjectGrocery\load_into_database\main.cpp(380,41): warning : conversion to ‘int’ from ‘std::basic_string<char>::size_type {aka long unsigned int}’ may alter its value [-Wconversion]
C:\Users\Vishnu_2\Documents\Visual Studio 2015\Projects\ProjectGrocery\load_into_database\main.cpp(381,43): warning : conversion to ‘int’ from ‘std::basic_string<char>::size_type {aka long unsigned int}’ may alter its value [-Wconversion]
C:\Users\Vishnu_2\Documents\Visual Studio 2015\Projects\ProjectGrocery\load_into_database\main.cpp(391,36): warning : conversion to ‘int’ from ‘std::basic_string<char>::size_type {aka long unsigned int}’ may alter its value [-Wconversion]
C:\Users\Vishnu_2\Documents\Visual Studio 2015\Projects\ProjectGrocery\load_into_database\main.cpp(393,32): warning : comparison between signed and unsigned integer expressions [-Wsign-compare]
C:\Users\Vishnu_2\Documents\Visual Studio 2015\Projects\ProjectGrocery\load_into_database\main.cpp(396,41): warning : conversion to ‘int’ from ‘std::basic_string<char>::size_type {aka long unsigned int}’ may alter its value [-Wconversion]
C:\Users\Vishnu_2\Documents\Visual Studio 2015\Projects\ProjectGrocery\load_into_database\main.cpp(397,39): warning : conversion to ‘int’ from ‘std::basic_string<char>::size_type {aka long unsigned int}’ may alter its value [-Wconversion]
C:\Users\Vishnu_2\Documents\Visual Studio 2015\Projects\ProjectGrocery\load_into_database\main.cpp(432,37): warning : conversion to ‘int’ from ‘std::basic_string<char>::size_type {aka long unsigned int}’ may alter its value [-Wconversion]
C:\Users\Vishnu_2\Documents\Visual Studio 2015\Projects\ProjectGrocery\load_into_database\main.cpp(432,56): warning : comparison between signed and unsigned integer expressions [-Wsign-compare]
C:\Users\Vishnu_2\Documents\Visual Studio 2015\Projects\ProjectGrocery\load_into_database\main.cpp(436,42): warning : conversion to ‘int’ from ‘std::basic_string<char>::size_type {aka long unsigned int}’ may alter its value [-Wconversion]
C:\Users\Vishnu_2\Documents\Visual Studio 2015\Projects\ProjectGrocery\load_into_database\main.cpp(436,61): warning : comparison between signed and unsigned integer expressions [-Wsign-compare]
C:\Users\Vishnu_2\Documents\Visual Studio 2015\Projects\ProjectGrocery\load_into_database\main.cpp(454,75): warning : conversion to ‘int’ from ‘ssize_t {aka long int}’ may alter its value [-Wconversion]
C:\Users\Vishnu_2\Documents\Visual Studio 2015\Projects\ProjectGrocery\load_into_database\main.cpp(527,35): warning : ‘res’ is used uninitialized in this function [-Wuninitialized]
  Linking objects
  load_into_database.vcxproj -> C:\Users\Vishnu_2\Documents\Visual Studio 2015\Projects\ProjectGrocery\load_into_database\bin\x64\Debug\load_into_database.out
